# JRE version: OpenJDK Runtime Environment Temurin-17.0.1+12 (17.0.1+12) (build 17.0.1+12)
# Java VM: OpenJDK 64-Bit Server VM Temurin-17.0.1+12 (17.0.1+12, mixed mode, tiered, compressed oops, compressed class ptrs, parallel gc, windows-amd64)
GC Precious Log:
 CPUs: 8 total, 8 available
 Memory: 24379M
 Large Page Support: Disabled
 NUMA Support: Disabled
 Compressed Oops: Enabled (32-bit)
 Alignments: Space 512K, Generation 512K, Heap 2M
 Heap Min Capacity: 100M
 Heap Initial Capacity: 100M
 Heap Max Capacity: 1G
 Pre-touch: Disabled
 Parallel Workers: 8
Heap:
 PSYoungGen      total 9728K, used 3576K [0x00000000eab00000, 0x00000000ed000000, 0x0000000100000000)
  eden space 6144K, 0% used [0x00000000eab00000,0x00000000eab00000,0x00000000eb100000)
  from space 3584K, 99% used [0x00000000ebc80000,0x00000000ebffe180,0x00000000ec000000)
  to   space 11776K, 0% used [0x00000000eb100000,0x00000000eb100000,0x00000000ebc80000)
 ParOldGen       total 209408K, used 207410K [0x00000000c0000000, 0x00000000ccc80000, 0x00000000eab00000)
  object space 209408K, 99% used [0x00000000c0000000,0x00000000cca8cb90,0x00000000ccc80000)
 Metaspace       used 92050K, committed 93184K, reserved 1138688K
  class space    used 8886K, committed 9408K, reserved 1048576K
GC Heap History (20 events):
Event: 20098.968 GC heap after
{Heap after GC invocations=12318 (full 340):
 PSYoungGen      total 19456K, used 1512K [0x00000000eab00000, 0x00000000ec080000, 0x0000000100000000)
  eden space 17920K, 0% used [0x00000000eab00000,0x00000000eab00000,0x00000000ebc80000)
  from space 1536K, 98% used [0x00000000ebd00000,0x00000000ebe7a170,0x00000000ebe80000)
  to   space 2048K, 0% used [0x00000000ebe80000,0x00000000ebe80000,0x00000000ec080000)
 ParOldGen       total 209408K, used 194004K [0x00000000c0000000, 0x00000000ccc80000, 0x00000000eab00000)
  object space 209408K, 92% used [0x00000000c0000000,0x00000000cbd75350,0x00000000ccc80000)
 Metaspace       used 92049K, committed 93184K, reserved 1138688K
  class space    used 8886K, committed 9408K, reserved 1048576K
}
Event: 20098.999 GC heap before
{Heap before GC invocations=12319 (full 340):
 PSYoungGen      total 19456K, used 19432K [0x00000000eab00000, 0x00000000ec080000, 0x0000000100000000)
  eden space 17920K, 100% used [0x00000000eab00000,0x00000000ebc80000,0x00000000ebc80000)
  from space 1536K, 98% used [0x00000000ebd00000,0x00000000ebe7a170,0x00000000ebe80000)
  to   space 2048K, 0% used [0x00000000ebe80000,0x00000000ebe80000,0x00000000ec080000)
 ParOldGen       total 209408K, used 194004K [0x00000000c0000000, 0x00000000ccc80000, 0x00000000eab00000)
  object space 209408K, 92% used [0x00000000c0000000,0x00000000cbd75350,0x00000000ccc80000)
 Metaspace       used 92050K, committed 93184K, reserved 1138688K
  class space    used 8886K, committed 9408K, reserved 1048576K
}
Event: 20099.001 GC heap after
{Heap after GC invocations=12319 (full 340):
 PSYoungGen      total 16384K, used 2037K [0x00000000eab00000, 0x00000000ec780000, 0x0000000100000000)
  eden space 14336K, 0% used [0x00000000eab00000,0x00000000eab00000,0x00000000eb900000)
  from space 2048K, 99% used [0x00000000ebe80000,0x00000000ec07d628,0x00000000ec080000)
  to   space 5632K, 0% used [0x00000000eb900000,0x00000000eb900000,0x00000000ebe80000)
 ParOldGen       total 209408K, used 196874K [0x00000000c0000000, 0x00000000ccc80000, 0x00000000eab00000)
  object space 209408K, 94% used [0x00000000c0000000,0x00000000cc042bc0,0x00000000ccc80000)
 Metaspace       used 92050K, committed 93184K, reserved 1138688K
  class space    used 8886K, committed 9408K, reserved 1048576K
}
Event: 20099.359 GC heap before
{Heap before GC invocations=12320 (full 340):
 PSYoungGen      total 16384K, used 16373K [0x00000000eab00000, 0x00000000ec780000, 0x0000000100000000)
  eden space 14336K, 100% used [0x00000000eab00000,0x00000000eb900000,0x00000000eb900000)
  from space 2048K, 99% used [0x00000000ebe80000,0x00000000ec07d628,0x00000000ec080000)
  to   space 5632K, 0% used [0x00000000eb900000,0x00000000eb900000,0x00000000ebe80000)
 ParOldGen       total 209408K, used 196874K [0x00000000c0000000, 0x00000000ccc80000, 0x00000000eab00000)
  object space 209408K, 94% used [0x00000000c0000000,0x00000000cc042bc0,0x00000000ccc80000)
 Metaspace       used 92050K, committed 93184K, reserved 1138688K
  class space    used 8886K, committed 9408K, reserved 1048576K
}
Event: 20099.360 GC heap after
{Heap after GC invocations=12320 (full 340):
 PSYoungGen      total 15872K, used 1160K [0x00000000eab00000, 0x00000000ebf00000, 0x0000000100000000)
  eden space 14336K, 0% used [0x00000000eab00000,0x00000000eab00000,0x00000000eb900000)
  from space 1536K, 75% used [0x00000000eb900000,0x00000000eba22180,0x00000000eba80000)
  to   space 2560K, 0% used [0x00000000ebc80000,0x00000000ebc80000,0x00000000ebf00000)
 ParOldGen       total 209408K, used 197219K [0x00000000c0000000, 0x00000000ccc80000, 0x00000000eab00000)
  object space 209408K, 94% used [0x00000000c0000000,0x00000000cc098d30,0x00000000ccc80000)
 Metaspace       used 92050K, committed 93184K, reserved 1138688K
  class space    used 8886K, committed 9408K, reserved 1048576K
}
Event: 20099.370 GC heap before
{Heap before GC invocations=12321 (full 340):
 PSYoungGen      total 15872K, used 15496K [0x00000000eab00000, 0x00000000ebf00000, 0x0000000100000000)
  eden space 14336K, 100% used [0x00000000eab00000,0x00000000eb900000,0x00000000eb900000)
  from space 1536K, 75% used [0x00000000eb900000,0x00000000eba22180,0x00000000eba80000)
  to   space 2560K, 0% used [0x00000000ebc80000,0x00000000ebc80000,0x00000000ebf00000)
 ParOldGen       total 209408K, used 197219K [0x00000000c0000000, 0x00000000ccc80000, 0x00000000eab00000)
  object space 209408K, 94% used [0x00000000c0000000,0x00000000cc098d30,0x00000000ccc80000)
 Metaspace       used 92050K, committed 93184K, reserved 1138688K
  class space    used 8886K, committed 9408K, reserved 1048576K
}
Event: 20099.371 GC heap after
{Heap after GC invocations=12321 (full 340):
 PSYoungGen      total 16384K, used 1720K [0x00000000eab00000, 0x00000000ebe80000, 0x0000000100000000)
  eden space 14336K, 0% used [0x00000000eab00000,0x00000000eab00000,0x00000000eb900000)
  from space 2048K, 84% used [0x00000000ebc80000,0x00000000ebe2e190,0x00000000ebe80000)
  to   space 2048K, 0% used [0x00000000eba80000,0x00000000eba80000,0x00000000ebc80000)
 ParOldGen       total 209408K, used 197219K [0x00000000c0000000, 0x00000000ccc80000, 0x00000000eab00000)
  object space 209408K, 94% used [0x00000000c0000000,0x00000000cc098d30,0x00000000ccc80000)
 Metaspace       used 92050K, committed 93184K, reserved 1138688K
  class space    used 8886K, committed 9408K, reserved 1048576K
}
Event: 20099.380 GC heap before
{Heap before GC invocations=12322 (full 340):
 PSYoungGen      total 16384K, used 16056K [0x00000000eab00000, 0x00000000ebe80000, 0x0000000100000000)
  eden space 14336K, 100% used [0x00000000eab00000,0x00000000eb900000,0x00000000eb900000)
  from space 2048K, 84% used [0x00000000ebc80000,0x00000000ebe2e190,0x00000000ebe80000)
  to   space 2048K, 0% used [0x00000000eba80000,0x00000000eba80000,0x00000000ebc80000)
 ParOldGen       total 209408K, used 197219K [0x00000000c0000000, 0x00000000ccc80000, 0x00000000eab00000)
  object space 209408K, 94% used [0x00000000c0000000,0x00000000cc098d30,0x00000000ccc80000)
 Metaspace       used 92050K, committed 93184K, reserved 1138688K
  class space    used 8886K, committed 9408K, reserved 1048576K
}
Event: 20099.381 GC heap after
{Heap after GC invocations=12322 (full 340):
 PSYoungGen      total 16384K, used 2036K [0x00000000eab00000, 0x00000000ebe00000, 0x0000000100000000)
  eden space 14336K, 0% used [0x00000000eab00000,0x00000000eab00000,0x00000000eb900000)
  from space 2048K, 99% used [0x00000000eba80000,0x00000000ebc7d230,0x00000000ebc80000)
  to   space 1536K, 0% used [0x00000000ebc80000,0x00000000ebc80000,0x00000000ebe00000)
 ParOldGen       total 209408K, used 197235K [0x00000000c0000000, 0x00000000ccc80000, 0x00000000eab00000)
  object space 209408K, 94% used [0x00000000c0000000,0x00000000cc09cd30,0x00000000ccc80000)
 Metaspace       used 92050K, committed 93184K, reserved 1138688K
  class space    used 8886K, committed 9408K, reserved 1048576K
}
Event: 20099.398 GC heap before
{Heap before GC invocations=12323 (full 340):
 PSYoungGen      total 16384K, used 16372K [0x00000000eab00000, 0x00000000ebe00000, 0x0000000100000000)
  eden space 14336K, 100% used [0x00000000eab00000,0x00000000eb900000,0x00000000eb900000)
  from space 2048K, 99% used [0x00000000eba80000,0x00000000ebc7d230,0x00000000ebc80000)
  to   space 1536K, 0% used [0x00000000ebc80000,0x00000000ebc80000,0x00000000ebe00000)
 ParOldGen       total 209408K, used 197235K [0x00000000c0000000, 0x00000000ccc80000, 0x00000000eab00000)
  object space 209408K, 94% used [0x00000000c0000000,0x00000000cc09cd30,0x00000000ccc80000)
 Metaspace       used 92050K, committed 93184K, reserved 1138688K
  class space    used 8886K, committed 9408K, reserved 1048576K
}
Event: 20099.399 GC heap after
{Heap after GC invocations=12323 (full 340):
 PSYoungGen      total 15872K, used 1506K [0x00000000eab00000, 0x00000000ec000000, 0x0000000100000000)
  eden space 14336K, 0% used [0x00000000eab00000,0x00000000eab00000,0x00000000eb900000)
  from space 1536K, 98% used [0x00000000ebc80000,0x00000000ebdf8a80,0x00000000ebe00000)
  to   space 3584K, 0% used [0x00000000eb900000,0x00000000eb900000,0x00000000ebc80000)
 ParOldGen       total 209408K, used 198691K [0x00000000c0000000, 0x00000000ccc80000, 0x00000000eab00000)
  object space 209408K, 94% used [0x00000000c0000000,0x00000000cc208c70,0x00000000ccc80000)
 Metaspace       used 92050K, committed 93184K, reserved 1138688K
  class space    used 8886K, committed 9408K, reserved 1048576K
}
Event: 20099.410 GC heap before
{Heap before GC invocations=12324 (full 340):
 PSYoungGen      total 15872K, used 15842K [0x00000000eab00000, 0x00000000ec000000, 0x0000000100000000)
  eden space 14336K, 100% used [0x00000000eab00000,0x00000000eb900000,0x00000000eb900000)
  from space 1536K, 98% used [0x00000000ebc80000,0x00000000ebdf8a80,0x00000000ebe00000)
  to   space 3584K, 0% used [0x00000000eb900000,0x00000000eb900000,0x00000000ebc80000)
 ParOldGen       total 209408K, used 198691K [0x00000000c0000000, 0x00000000ccc80000, 0x00000000eab00000)
  object space 209408K, 94% used [0x00000000c0000000,0x00000000cc208c70,0x00000000ccc80000)
 Metaspace       used 92050K, committed 93184K, reserved 1138688K
  class space    used 8886K, committed 9408K, reserved 1048576K
}
Event: 20099.412 GC heap after
{Heap after GC invocations=12324 (full 340):
 PSYoungGen      total 15872K, used 1080K [0x00000000eab00000, 0x00000000ebd00000, 0x0000000100000000)
  eden space 14336K, 0% used [0x00000000eab00000,0x00000000eab00000,0x00000000eb900000)
  from space 1536K, 70% used [0x00000000eb900000,0x00000000eba0e180,0x00000000eba80000)
  to   space 2048K, 0% used [0x00000000ebb00000,0x00000000ebb00000,0x00000000ebd00000)
 ParOldGen       total 209408K, used 199783K [0x00000000c0000000, 0x00000000ccc80000, 0x00000000eab00000)
  object space 209408K, 95% used [0x00000000c0000000,0x00000000cc319ea0,0x00000000ccc80000)
 Metaspace       used 92050K, committed 93184K, reserved 1138688K
  class space    used 8886K, committed 9408K, reserved 1048576K
}
Event: 20099.420 GC heap before
{Heap before GC invocations=12325 (full 340):
 PSYoungGen      total 15872K, used 15416K [0x00000000eab00000, 0x00000000ebd00000, 0x0000000100000000)
  eden space 14336K, 100% used [0x00000000eab00000,0x00000000eb900000,0x00000000eb900000)
  from space 1536K, 70% used [0x00000000eb900000,0x00000000eba0e180,0x00000000eba80000)
  to   space 2048K, 0% used [0x00000000ebb00000,0x00000000ebb00000,0x00000000ebd00000)
 ParOldGen       total 209408K, used 199783K [0x00000000c0000000, 0x00000000ccc80000, 0x00000000eab00000)
  object space 209408K, 95% used [0x00000000c0000000,0x00000000cc319ea0,0x00000000ccc80000)
 Metaspace       used 92050K, committed 93184K, reserved 1138688K
  class space    used 8886K, committed 9408K, reserved 1048576K
}
Event: 20099.422 GC heap after
{Heap after GC invocations=12325 (full 340):
 PSYoungGen      total 16384K, used 1516K [0x00000000eab00000, 0x00000000ebd00000, 0x0000000100000000)
  eden space 14336K, 0% used [0x00000000eab00000,0x00000000eab00000,0x00000000eb900000)
  from space 2048K, 74% used [0x00000000ebb00000,0x00000000ebc7b0f0,0x00000000ebd00000)
  to   space 2048K, 0% used [0x00000000eb900000,0x00000000eb900000,0x00000000ebb00000)
 ParOldGen       total 209408K, used 199783K [0x00000000c0000000, 0x00000000ccc80000, 0x00000000eab00000)
  object space 209408K, 95% used [0x00000000c0000000,0x00000000cc319ea0,0x00000000ccc80000)
 Metaspace       used 92050K, committed 93184K, reserved 1138688K
  class space    used 8886K, committed 9408K, reserved 1048576K
}
Event: 20103.559 GC heap before
{Heap before GC invocations=12326 (full 340):
 PSYoungGen      total 16384K, used 15852K [0x00000000eab00000, 0x00000000ebd00000, 0x0000000100000000)
  eden space 14336K, 100% used [0x00000000eab00000,0x00000000eb900000,0x00000000eb900000)
  from space 2048K, 74% used [0x00000000ebb00000,0x00000000ebc7b0f0,0x00000000ebd00000)
  to   space 2048K, 0% used [0x00000000eb900000,0x00000000eb900000,0x00000000ebb00000)
 ParOldGen       total 209408K, used 199783K [0x00000000c0000000, 0x00000000ccc80000, 0x00000000eab00000)
  object space 209408K, 95% used [0x00000000c0000000,0x00000000cc319ea0,0x00000000ccc80000)
 Metaspace       used 92050K, committed 93184K, reserved 1138688K
  class space    used 8886K, committed 9408K, reserved 1048576K
}
Event: 20103.560 GC heap after
{Heap after GC invocations=12326 (full 340):
 PSYoungGen      total 16384K, used 2018K [0x00000000eab00000, 0x00000000ec000000, 0x0000000100000000)
  eden space 14336K, 0% used [0x00000000eab00000,0x00000000eab00000,0x00000000eb900000)
  from space 2048K, 98% used [0x00000000eb900000,0x00000000ebaf8ab0,0x00000000ebb00000)
  to   space 3584K, 0% used [0x00000000ebc80000,0x00000000ebc80000,0x00000000ec000000)
 ParOldGen       total 209408K, used 200762K [0x00000000c0000000, 0x00000000ccc80000, 0x00000000eab00000)
  object space 209408K, 95% used [0x00000000c0000000,0x00000000cc40e9e0,0x00000000ccc80000)
 Metaspace       used 92050K, committed 93184K, reserved 1138688K
  class space    used 8886K, committed 9408K, reserved 1048576K
}
Event: 20103.575 GC heap before
{Heap before GC invocations=12327 (full 340):
 PSYoungGen      total 16384K, used 16354K [0x00000000eab00000, 0x00000000ec000000, 0x0000000100000000)
  eden space 14336K, 100% used [0x00000000eab00000,0x00000000eb900000,0x00000000eb900000)
  from space 2048K, 98% used [0x00000000eb900000,0x00000000ebaf8ab0,0x00000000ebb00000)
  to   space 3584K, 0% used [0x00000000ebc80000,0x00000000ebc80000,0x00000000ec000000)
 ParOldGen       total 209408K, used 200762K [0x00000000c0000000, 0x00000000ccc80000, 0x00000000eab00000)
  object space 209408K, 95% used [0x00000000c0000000,0x00000000cc40e9e0,0x00000000ccc80000)
 Metaspace       used 92050K, committed 93184K, reserved 1138688K
  class space    used 8886K, committed 9408K, reserved 1048576K
}
Event: 20103.580 GC heap after
{Heap after GC invocations=12327 (full 340):
 PSYoungGen      total 9728K, used 3576K [0x00000000eab00000, 0x00000000ed000000, 0x0000000100000000)
  eden space 6144K, 0% used [0x00000000eab00000,0x00000000eab00000,0x00000000eb100000)
  from space 3584K, 99% used [0x00000000ebc80000,0x00000000ebffe180,0x00000000ec000000)
  to   space 11776K, 0% used [0x00000000eb100000,0x00000000eb100000,0x00000000ebc80000)
 ParOldGen       total 209408K, used 207410K [0x00000000c0000000, 0x00000000ccc80000, 0x00000000eab00000)
  object space 209408K, 99% used [0x00000000c0000000,0x00000000cca8cb90,0x00000000ccc80000)
 Metaspace       used 92050K, committed 93184K, reserved 1138688K
  class space    used 8886K, committed 9408K, reserved 1048576K
}
Event: 20103.580 GC heap before
{Heap before GC invocations=12328 (full 341):
 PSYoungGen      total 9728K, used 3576K [0x00000000eab00000, 0x00000000ed000000, 0x0000000100000000)
  eden space 6144K, 0% used [0x00000000eab00000,0x00000000eab00000,0x00000000eb100000)
  from space 3584K, 99% used [0x00000000ebc80000,0x00000000ebffe180,0x00000000ec000000)
  to   space 11776K, 0% used [0x00000000eb100000,0x00000000eb100000,0x00000000ebc80000)
 ParOldGen       total 209408K, used 207410K [0x00000000c0000000, 0x00000000ccc80000, 0x00000000eab00000)
  object space 209408K, 99% used [0x00000000c0000000,0x00000000cca8cb90,0x00000000ccc80000)
 Metaspace       used 92050K, committed 93184K, reserved 1138688K
  class space    used 8886K, committed 9408K, reserved 1048576K
}

